# JRE version: Java(TM) SE Runtime Environment (8.0_111-b14) (build 1.8.0_111-b14)
# Java VM: Java HotSpot(TM) 64-Bit Server VM (25.111-b14 mixed mode windows-amd64 compressed oops)
Heap:
 PSYoungGen      total 151552K, used 17991K [0x00000000eb380000, 0x00000000f5a80000, 0x0000000100000000)
  eden space 147456K, 12% used [0x00000000eb380000,0x00000000ec511c68,0x00000000f4380000)
  from space 4096K, 0% used [0x00000000f4480000,0x00000000f4480000,0x00000000f4880000)
  to   space 11776K, 0% used [0x00000000f4f00000,0x00000000f4f00000,0x00000000f5a80000)
 ParOldGen       total 53760K, used 20507K [0x00000000c1a00000, 0x00000000c4e80000, 0x00000000eb380000)
  object space 53760K, 38% used [0x00000000c1a00000,0x00000000c2e06c08,0x00000000c4e80000)
 Metaspace       used 51847K, capacity 54698K, committed 54872K, reserved 1099776K
  class space    used 7433K, capacity 7931K, committed 8024K, reserved 1048576K
GC Heap History (10 events):
Event: 8.287 GC heap before
{Heap before GC invocations=18 (full 5):
 PSYoungGen      total 150016K, used 0K [0x00000000eb380000, 0x00000000f6300000, 0x0000000100000000)
  eden space 137216K, 0% used [0x00000000eb380000,0x00000000eb380000,0x00000000f3980000)
  from space 12800K, 0% used [0x00000000f3980000,0x00000000f3980000,0x00000000f4600000)
  to   space 12800K, 0% used [0x00000000f5680000,0x00000000f5680000,0x00000000f6300000)
 ParOldGen       total 53760K, used 16855K [0x00000000c1a00000, 0x00000000c4e80000, 0x00000000eb380000)
  object space 53760K, 31% used [0x00000000c1a00000,0x00000000c2a75c40,0x00000000c4e80000)
 Metaspace       used 43999K, capacity 46026K, committed 46168K, reserved 1095680K
  class space    used 6253K, capacity 6630K, committed 6744K, reserved 1048576K
Event: 8.331 GC heap after
Heap after GC invocations=18 (full 5):
 PSYoungGen      total 150016K, used 0K [0x00000000eb380000, 0x00000000f6300000, 0x0000000100000000)
  eden space 137216K, 0% used [0x00000000eb380000,0x00000000eb380000,0x00000000f3980000)
  from space 12800K, 0% used [0x00000000f3980000,0x00000000f3980000,0x00000000f4600000)
  to   space 12800K, 0% used [0x00000000f5680000,0x00000000f5680000,0x00000000f6300000)
 ParOldGen       total 53760K, used 14914K [0x00000000c1a00000, 0x00000000c4e80000, 0x00000000eb380000)
  object space 53760K, 27% used [0x00000000c1a00000,0x00000000c2890a90,0x00000000c4e80000)
 Metaspace       used 43999K, capacity 46026K, committed 46168K, reserved 1091584K
  class space    used 6253K, capacity 6630K, committed 6744K, reserved 1048576K
}
Event: 9.374 GC heap before
{Heap before GC invocations=19 (full 5):
 PSYoungGen      total 150016K, used 64828K [0x00000000eb380000, 0x00000000f6300000, 0x0000000100000000)
  eden space 137216K, 47% used [0x00000000eb380000,0x00000000ef2cf368,0x00000000f3980000)
  from space 12800K, 0% used [0x00000000f3980000,0x00000000f3980000,0x00000000f4600000)
  to   space 12800K, 0% used [0x00000000f5680000,0x00000000f5680000,0x00000000f6300000)
 ParOldGen       total 53760K, used 14914K [0x00000000c1a00000, 0x00000000c4e80000, 0x00000000eb380000)
  object space 53760K, 27% used [0x00000000c1a00000,0x00000000c2890a90,0x00000000c4e80000)
 Metaspace       used 48407K, capacity 50974K, committed 51160K, reserved 1095680K
  class space    used 6928K, capacity 7379K, committed 7384K, reserved 1048576K
Event: 9.388 GC heap after
Heap after GC invocations=19 (full 5):
 PSYoungGen      total 148480K, used 5834K [0x00000000eb380000, 0x00000000f5c80000, 0x0000000100000000)
  eden space 142336K, 0% used [0x00000000eb380000,0x00000000eb380000,0x00000000f3e80000)
  from space 6144K, 94% used [0x00000000f5680000,0x00000000f5c32a30,0x00000000f5c80000)
  to   space 12288K, 0% used [0x00000000f4480000,0x00000000f4480000,0x00000000f5080000)
 ParOldGen       total 53760K, used 14922K [0x00000000c1a00000, 0x00000000c4e80000, 0x00000000eb380000)
  object space 53760K, 27% used [0x00000000c1a00000,0x00000000c2892a90,0x00000000c4e80000)
 Metaspace       used 48407K, capacity 50974K, committed 51160K, reserved 1095680K
  class space    used 6928K, capacity 7379K, committed 7384K, reserved 1048576K
}
Event: 9.388 GC heap before
{Heap before GC invocations=20 (full 6):
 PSYoungGen      total 148480K, used 5834K [0x00000000eb380000, 0x00000000f5c80000, 0x0000000100000000)
  eden space 142336K, 0% used [0x00000000eb380000,0x00000000eb380000,0x00000000f3e80000)
  from space 6144K, 94% used [0x00000000f5680000,0x00000000f5c32a30,0x00000000f5c80000)
  to   space 12288K, 0% used [0x00000000f4480000,0x00000000f4480000,0x00000000f5080000)
 ParOldGen       total 53760K, used 14922K [0x00000000c1a00000, 0x00000000c4e80000, 0x00000000eb380000)
  object space 53760K, 27% used [0x00000000c1a00000,0x00000000c2892a90,0x00000000c4e80000)
 Metaspace       used 48407K, capacity 50974K, committed 51160K, reserved 1095680K
  class space    used 6928K, capacity 7379K, committed 7384K, reserved 1048576K
Event: 9.523 GC heap after
Heap after GC invocations=20 (full 6):
 PSYoungGen      total 148480K, used 0K [0x00000000eb380000, 0x00000000f5c80000, 0x0000000100000000)
  eden space 142336K, 0% used [0x00000000eb380000,0x00000000eb380000,0x00000000f3e80000)
  from space 6144K, 0% used [0x00000000f5680000,0x00000000f5680000,0x00000000f5c80000)
  to   space 12288K, 0% used [0x00000000f4480000,0x00000000f4480000,0x00000000f5080000)
 ParOldGen       total 53760K, used 20243K [0x00000000c1a00000, 0x00000000c4e80000, 0x00000000eb380000)
  object space 53760K, 37% used [0x00000000c1a00000,0x00000000c2dc4da8,0x00000000c4e80000)
 Metaspace       used 48407K, capacity 50974K, committed 51160K, reserved 1095680K
  class space    used 6928K, capacity 7379K, committed 7384K, reserved 1048576K
}
Event: 10.243 GC heap before
{Heap before GC invocations=21 (full 6):
 PSYoungGen      total 148480K, used 42057K [0x00000000eb380000, 0x00000000f5c80000, 0x0000000100000000)
  eden space 142336K, 29% used [0x00000000eb380000,0x00000000edc926d8,0x00000000f3e80000)
  from space 6144K, 0% used [0x00000000f5680000,0x00000000f5680000,0x00000000f5c80000)
  to   space 12288K, 0% used [0x00000000f4480000,0x00000000f4480000,0x00000000f5080000)
 ParOldGen       total 53760K, used 20243K [0x00000000c1a00000, 0x00000000c4e80000, 0x00000000eb380000)
  object space 53760K, 37% used [0x00000000c1a00000,0x00000000c2dc4da8,0x00000000c4e80000)
 Metaspace       used 51045K, capacity 53824K, committed 53976K, reserved 1101824K
  class space    used 7299K, capacity 7802K, committed 7896K, reserved 1048576K
Event: 10.248 GC heap after
Heap after GC invocations=21 (full 6):
 PSYoungGen      total 151552K, used 3634K [0x00000000eb380000, 0x00000000f5a80000, 0x0000000100000000)
  eden space 147456K, 0% used [0x00000000eb380000,0x00000000eb380000,0x00000000f4380000)
  from space 4096K, 88% used [0x00000000f4480000,0x00000000f480cac0,0x00000000f4880000)
  to   space 11776K, 0% used [0x00000000f4f00000,0x00000000f4f00000,0x00000000f5a80000)
 ParOldGen       total 53760K, used 20251K [0x00000000c1a00000, 0x00000000c4e80000, 0x00000000eb380000)
  object space 53760K, 37% used [0x00000000c1a00000,0x00000000c2dc6da8,0x00000000c4e80000)
 Metaspace       used 51045K, capacity 53824K, committed 53976K, reserved 1101824K
  class space    used 7299K, capacity 7802K, committed 7896K, reserved 1048576K
}
Event: 10.248 GC heap before
{Heap before GC invocations=22 (full 7):
 PSYoungGen      total 151552K, used 3634K [0x00000000eb380000, 0x00000000f5a80000, 0x0000000100000000)
  eden space 147456K, 0% used [0x00000000eb380000,0x00000000eb380000,0x00000000f4380000)
  from space 4096K, 88% used [0x00000000f4480000,0x00000000f480cac0,0x00000000f4880000)
  to   space 11776K, 0% used [0x00000000f4f00000,0x00000000f4f00000,0x00000000f5a80000)
 ParOldGen       total 53760K, used 20251K [0x00000000c1a00000, 0x00000000c4e80000, 0x00000000eb380000)
  object space 53760K, 37% used [0x00000000c1a00000,0x00000000c2dc6da8,0x00000000c4e80000)
 Metaspace       used 51045K, capacity 53824K, committed 53976K, reserved 1101824K
  class space    used 7299K, capacity 7802K, committed 7896K, reserved 1048576K
Event: 10.308 GC heap after
Heap after GC invocations=22 (full 7):
 PSYoungGen      total 151552K, used 0K [0x00000000eb380000, 0x00000000f5a80000, 0x0000000100000000)
  eden space 147456K, 0% used [0x00000000eb380000,0x00000000eb380000,0x00000000f4380000)
  from space 4096K, 0% used [0x00000000f4480000,0x00000000f4480000,0x00000000f4880000)
  to   space 11776K, 0% used [0x00000000f4f00000,0x00000000f4f00000,0x00000000f5a80000)
 ParOldGen       total 53760K, used 20507K [0x00000000c1a00000, 0x00000000c4e80000, 0x00000000eb380000)
  object space 53760K, 38% used [0x00000000c1a00000,0x00000000c2e06c08,0x00000000c4e80000)
 Metaspace       used 51045K, capacity 53824K, committed 53976K, reserved 1099776K
  class space    used 7299K, capacity 7802K, committed 7896K, reserved 1048576K
}

